Log opened at 2016-06-09 14:24:37
I: Checking remote connect back address.
I: Checking header 'HTTP_X_FORWARDED_FOR'.
I: Checking header 'REMOTE_ADDR'.
W: Remote address not found, connecting to configured address/port: 10.72.29.214:9000. :-|
E: Time-out connecting to client. :-(
Log closed at 2016-06-09 14:24:37

Log opened at 2016-06-09 14:28:21
I: Checking remote connect back address.
I: Checking header 'HTTP_X_FORWARDED_FOR'.
I: Checking header 'REMOTE_ADDR'.
W: Remote address not found, connecting to configured address/port: 10.72.29.214:9000. :-|
E: Time-out connecting to client. :-(
Log closed at 2016-06-09 14:28:21

Log opened at 2016-06-09 14:28:22
I: Checking remote connect back address.
I: Checking header 'HTTP_X_FORWARDED_FOR'.
I: Checking header 'REMOTE_ADDR'.
W: Remote address not found, connecting to configured address/port: 10.72.29.214:9000. :-|
E: Time-out connecting to client. :-(
Log closed at 2016-06-09 14:28:22

Log opened at 2016-06-09 14:32:04
I: Checking remote connect back address.
I: Checking header 'HTTP_X_FORWARDED_FOR'.
I: Checking header 'REMOTE_ADDR'.
W: Remote address not found, connecting to configured address/port: 10.72.29.214:9000. :-|
E: Time-out connecting to client. :-(
Log closed at 2016-06-09 14:32:04

Log opened at 2016-06-09 15:07:21
I: Checking remote connect back address.
I: Checking header 'HTTP_X_FORWARDED_FOR'.
I: Checking header 'REMOTE_ADDR'.
W: Remote address not found, connecting to configured address/port: 10.72.29.214:9000. :-|
E: Time-out connecting to client. :-(
Log closed at 2016-06-09 15:07:21

Log opened at 2016-06-09 15:11:08
I: Checking remote connect back address.
I: Checking header 'HTTP_X_FORWARDED_FOR'.
I: Checking header 'REMOTE_ADDR'.
W: Remote address not found, connecting to configured address/port: 10.72.29.214:9000. :-|
E: Time-out connecting to client. :-(
Log closed at 2016-06-09 15:11:08

Log opened at 2016-06-09 15:11:45
I: Checking remote connect back address.
I: Checking header 'HTTP_X_FORWARDED_FOR'.
I: Checking header 'REMOTE_ADDR'.
W: Remote address not found, connecting to configured address/port: 10.72.29.214:9000. :-|
E: Time-out connecting to client. :-(
Log closed at 2016-06-09 15:11:45

Log opened at 2016-06-09 15:13:15
I: Checking remote connect back address.
I: Checking header 'HTTP_X_FORWARDED_FOR'.
I: Checking header 'REMOTE_ADDR'.
W: Remote address not found, connecting to configured address/port: 10.72.29.214:9000. :-|
E: Time-out connecting to client. :-(
Log closed at 2016-06-09 15:13:15

Log opened at 2016-06-09 15:13:54
I: Checking remote connect back address.
I: Checking header 'HTTP_X_FORWARDED_FOR'.
I: Checking header 'REMOTE_ADDR'.
W: Remote address not found, connecting to configured address/port: 10.72.29.214:9000. :-|
E: Time-out connecting to client. :-(
Log closed at 2016-06-09 15:13:54

Log opened at 2016-06-09 15:16:08
I: Checking remote connect back address.
I: Checking header 'HTTP_X_FORWARDED_FOR'.
I: Checking header 'REMOTE_ADDR'.
W: Remote address not found, connecting to configured address/port: 10.72.29.214:9000. :-|
E: Time-out connecting to client. :-(
Log closed at 2016-06-09 15:16:08

Log opened at 2016-06-09 15:16:51
I: Checking remote connect back address.
I: Checking header 'HTTP_X_FORWARDED_FOR'.
I: Checking header 'REMOTE_ADDR'.
W: Remote address not found, connecting to configured address/port: 10.72.29.214:9000. :-|
E: Time-out connecting to client. :-(
Log closed at 2016-06-09 15:16:51

Log opened at 2016-06-09 15:17:17
I: Checking remote connect back address.
I: Checking header 'HTTP_X_FORWARDED_FOR'.
I: Checking header 'REMOTE_ADDR'.
W: Remote address not found, connecting to configured address/port: 10.72.29.214:9000. :-|
E: Time-out connecting to client. :-(
Log closed at 2016-06-09 15:17:17

Log opened at 2016-06-09 15:18:15
I: Checking remote connect back address.
I: Checking header 'HTTP_X_FORWARDED_FOR'.
I: Checking header 'REMOTE_ADDR'.
W: Remote address not found, connecting to configured address/port: 10.72.29.214:9000. :-|
E: Time-out connecting to client. :-(
Log closed at 2016-06-09 15:18:15

Log opened at 2016-06-09 15:21:23
I: Checking remote connect back address.
I: Checking header 'HTTP_X_FORWARDED_FOR'.
I: Checking header 'REMOTE_ADDR'.
W: Remote address not found, connecting to configured address/port: 10.72.29.214:9000. :-|
E: Time-out connecting to client. :-(
Log closed at 2016-06-09 15:21:24

Log opened at 2016-06-09 15:24:22
I: Checking remote connect back address.
I: Checking header 'HTTP_X_FORWARDED_FOR'.
I: Checking header 'REMOTE_ADDR'.
W: Remote address not found, connecting to configured address/port: 10.72.29.214:9000. :-|
E: Time-out connecting to client. :-(
Log closed at 2016-06-09 15:24:22

Log opened at 2016-06-09 15:26:07
I: Checking remote connect back address.
I: Checking header 'HTTP_X_FORWARDED_FOR'.
I: Checking header 'REMOTE_ADDR'.
W: Remote address not found, connecting to configured address/port: 10.72.29.214:9000. :-|
E: Time-out connecting to client. :-(
Log closed at 2016-06-09 15:26:07

Log opened at 2016-06-09 15:31:46
I: Checking remote connect back address.
I: Checking header 'HTTP_X_FORWARDED_FOR'.
I: Checking header 'REMOTE_ADDR'.
W: Remote address not found, connecting to configured address/port: 10.72.29.214:9000. :-|
E: Time-out connecting to client. :-(
Log closed at 2016-06-09 15:31:46

Log opened at 2016-06-09 15:32:12
I: Checking remote connect back address.
I: Checking header 'HTTP_X_FORWARDED_FOR'.
I: Checking header 'REMOTE_ADDR'.
W: Remote address not found, connecting to configured address/port: 10.72.29.214:9000. :-|
E: Time-out connecting to client. :-(
Log closed at 2016-06-09 15:32:12

Log opened at 2016-06-09 15:33:28
I: Checking remote connect back address.
I: Checking header 'HTTP_X_FORWARDED_FOR'.
I: Checking header 'REMOTE_ADDR'.
W: Remote address not found, connecting to configured address/port: 10.72.29.214:9000. :-|
E: Time-out connecting to client. :-(
Log closed at 2016-06-09 15:33:28

Log opened at 2016-06-09 15:35:45
I: Checking remote connect back address.
I: Checking header 'HTTP_X_FORWARDED_FOR'.
I: Checking header 'REMOTE_ADDR'.
W: Remote address not found, connecting to configured address/port: 10.72.29.214:9000. :-|
E: Time-out connecting to client. :-(
Log closed at 2016-06-09 15:35:45

Log opened at 2016-06-09 15:41:40
I: Checking remote connect back address.
I: Checking header 'HTTP_X_FORWARDED_FOR'.
I: Checking header 'REMOTE_ADDR'.
W: Remote address not found, connecting to configured address/port: 10.72.29.214:9000. :-|
E: Time-out connecting to client. :-(
Log closed at 2016-06-09 15:41:40

Log opened at 2016-06-09 15:42:17
I: Checking remote connect back address.
I: Checking header 'HTTP_X_FORWARDED_FOR'.
I: Checking header 'REMOTE_ADDR'.
W: Remote address not found, connecting to configured address/port: 10.72.29.214:9000. :-|
E: Time-out connecting to client. :-(
Log closed at 2016-06-09 15:42:17

Log opened at 2016-06-09 15:42:20
I: Checking remote connect back address.
I: Checking header 'HTTP_X_FORWARDED_FOR'.
I: Checking header 'REMOTE_ADDR'.
W: Remote address not found, connecting to configured address/port: 10.72.29.214:9000. :-|
E: Time-out connecting to client. :-(
Log closed at 2016-06-09 15:42:20

Log opened at 2016-06-09 15:42:30
I: Checking remote connect back address.
I: Checking header 'HTTP_X_FORWARDED_FOR'.
I: Checking header 'REMOTE_ADDR'.
W: Remote address not found, connecting to configured address/port: 10.72.29.214:9000. :-|
E: Time-out connecting to client. :-(
Log closed at 2016-06-09 15:42:30

Log opened at 2016-06-09 15:44:47
I: Checking remote connect back address.
I: Checking header 'HTTP_X_FORWARDED_FOR'.
I: Checking header 'REMOTE_ADDR'.
W: Remote address not found, connecting to configured address/port: 10.72.29.214:9000. :-|
E: Time-out connecting to client. :-(
Log closed at 2016-06-09 15:44:47

Log opened at 2016-06-09 15:53:47
I: Checking remote connect back address.
I: Checking header 'HTTP_X_FORWARDED_FOR'.
I: Checking header 'REMOTE_ADDR'.
W: Remote address not found, connecting to configured address/port: 10.72.29.214:9000. :-|
E: Time-out connecting to client. :-(
Log closed at 2016-06-09 15:53:48

Log opened at 2016-06-10 02:41:50
I: Checking remote connect back address.
I: Checking header 'HTTP_X_FORWARDED_FOR'.
I: Checking header 'REMOTE_ADDR'.
W: Remote address not found, connecting to configured address/port: 10.72.29.214:9000. :-|
E: Time-out connecting to client. :-(
Log closed at 2016-06-10 02:41:50

Log opened at 2016-06-10 02:41:59
I: Checking remote connect back address.
I: Checking header 'HTTP_X_FORWARDED_FOR'.
I: Checking header 'REMOTE_ADDR'.
W: Remote address not found, connecting to configured address/port: 10.72.29.214:9000. :-|
E: Time-out connecting to client. :-(
Log closed at 2016-06-10 02:42:00

Log opened at 2016-06-10 02:42:49
I: Checking remote connect back address.
I: Checking header 'HTTP_X_FORWARDED_FOR'.
I: Checking header 'REMOTE_ADDR'.
W: Remote address not found, connecting to configured address/port: 10.72.29.214:9000. :-|
E: Time-out connecting to client. :-(
Log closed at 2016-06-10 02:42:49

Log opened at 2016-06-10 02:43:44
I: Checking remote connect back address.
I: Checking header 'HTTP_X_FORWARDED_FOR'.
I: Checking header 'REMOTE_ADDR'.
W: Remote address not found, connecting to configured address/port: 10.72.29.214:9000. :-|
E: Time-out connecting to client. :-(
Log closed at 2016-06-10 02:43:44

Log opened at 2016-06-10 03:00:31
I: Checking remote connect back address.
I: Checking header 'HTTP_X_FORWARDED_FOR'.
I: Checking header 'REMOTE_ADDR'.
W: Remote address not found, connecting to configured address/port: 10.72.29.214:9000. :-|
E: Time-out connecting to client. :-(
Log closed at 2016-06-10 03:00:31

Log opened at 2016-06-10 03:01:06
I: Checking remote connect back address.
I: Checking header 'HTTP_X_FORWARDED_FOR'.
I: Checking header 'REMOTE_ADDR'.
W: Remote address not found, connecting to configured address/port: 10.72.29.214:9000. :-|
E: Time-out connecting to client. :-(
Log closed at 2016-06-10 03:01:06

Log opened at 2016-06-10 03:30:37
I: Checking remote connect back address.
I: Checking header 'HTTP_X_FORWARDED_FOR'.
I: Checking header 'REMOTE_ADDR'.
W: Remote address not found, connecting to configured address/port: 10.72.29.214:9000. :-|
E: Time-out connecting to client. :-(
Log closed at 2016-06-10 03:30:37

Log opened at 2016-06-10 03:30:46
I: Checking remote connect back address.
I: Checking header 'HTTP_X_FORWARDED_FOR'.
I: Checking header 'REMOTE_ADDR'.
W: Remote address not found, connecting to configured address/port: 10.72.29.214:9000. :-|
E: Time-out connecting to client. :-(
Log closed at 2016-06-10 03:30:46

Log opened at 2016-06-10 03:40:55
I: Checking remote connect back address.
I: Checking header 'HTTP_X_FORWARDED_FOR'.
I: Checking header 'REMOTE_ADDR'.
W: Remote address not found, connecting to configured address/port: 10.72.29.214:9000. :-|
E: Time-out connecting to client. :-(
Log closed at 2016-06-10 03:40:55

Log opened at 2016-06-10 03:48:43
I: Checking remote connect back address.
I: Checking header 'HTTP_X_FORWARDED_FOR'.
I: Checking header 'REMOTE_ADDR'.
W: Remote address not found, connecting to configured address/port: 10.72.29.214:9000. :-|
E: Time-out connecting to client. :-(
Log closed at 2016-06-10 03:48:43

Log opened at 2016-06-10 04:00:54
I: Checking remote connect back address.
I: Checking header 'HTTP_X_FORWARDED_FOR'.
I: Checking header 'REMOTE_ADDR'.
W: Remote address not found, connecting to configured address/port: 10.72.29.214:9000. :-|
E: Time-out connecting to client. :-(
Log closed at 2016-06-10 04:00:54

Log opened at 2016-06-10 04:04:24
I: Checking remote connect back address.
I: Checking header 'HTTP_X_FORWARDED_FOR'.
I: Checking header 'REMOTE_ADDR'.
W: Remote address not found, connecting to configured address/port: 10.72.29.214:9000. :-|
E: Time-out connecting to client. :-(
Log closed at 2016-06-10 04:04:25

Log opened at 2016-06-10 04:04:28
I: Checking remote connect back address.
I: Checking header 'HTTP_X_FORWARDED_FOR'.
I: Checking header 'REMOTE_ADDR'.
W: Remote address not found, connecting to configured address/port: 10.72.29.214:9000. :-|
E: Time-out connecting to client. :-(
Log closed at 2016-06-10 04:04:28

Log opened at 2016-06-10 04:06:03
I: Checking remote connect back address.
I: Checking header 'HTTP_X_FORWARDED_FOR'.
I: Checking header 'REMOTE_ADDR'.
W: Remote address not found, connecting to configured address/port: 10.72.29.214:9000. :-|
E: Time-out connecting to client. :-(
Log closed at 2016-06-10 04:06:03

Log opened at 2016-06-10 05:18:32
I: Checking remote connect back address.
I: Checking header 'HTTP_X_FORWARDED_FOR'.
I: Checking header 'REMOTE_ADDR'.
W: Remote address not found, connecting to configured address/port: 10.72.29.214:9000. :-|
E: Time-out connecting to client. :-(
Log closed at 2016-06-10 05:18:32

Log opened at 2016-06-10 05:18:37
I: Checking remote connect back address.
I: Checking header 'HTTP_X_FORWARDED_FOR'.
I: Checking header 'REMOTE_ADDR'.
W: Remote address not found, connecting to configured address/port: 10.72.29.214:9000. :-|
E: Time-out connecting to client. :-(
Log closed at 2016-06-10 05:18:38

Log opened at 2016-06-10 07:57:39
I: Checking remote connect back address.
I: Checking header 'HTTP_X_FORWARDED_FOR'.
I: Checking header 'REMOTE_ADDR'.
W: Remote address not found, connecting to configured address/port: 10.72.29.214:9000. :-|
E: Time-out connecting to client. :-(
Log closed at 2016-06-10 07:57:39

Log opened at 2016-06-10 07:57:46
I: Checking remote connect back address.
I: Checking header 'HTTP_X_FORWARDED_FOR'.
I: Checking header 'REMOTE_ADDR'.
W: Remote address not found, connecting to configured address/port: 10.72.29.214:9000. :-|
E: Time-out connecting to client. :-(
Log closed at 2016-06-10 07:57:46

Log opened at 2016-06-10 07:57:50
I: Checking remote connect back address.
I: Checking header 'HTTP_X_FORWARDED_FOR'.
I: Checking header 'REMOTE_ADDR'.
W: Remote address not found, connecting to configured address/port: 10.72.29.214:9000. :-|
E: Time-out connecting to client. :-(
Log closed at 2016-06-10 07:57:50

Log opened at 2016-06-10 07:58:04
I: Checking remote connect back address.
I: Checking header 'HTTP_X_FORWARDED_FOR'.
I: Checking header 'REMOTE_ADDR'.
W: Remote address not found, connecting to configured address/port: 10.72.29.214:9000. :-|
E: Time-out connecting to client. :-(
Log closed at 2016-06-10 07:58:05

Log opened at 2016-06-10 08:00:17
I: Checking remote connect back address.
I: Checking header 'HTTP_X_FORWARDED_FOR'.
I: Checking header 'REMOTE_ADDR'.
W: Remote address not found, connecting to configured address/port: 10.72.29.214:9000. :-|
E: Time-out connecting to client. :-(
Log closed at 2016-06-10 08:00:17

Log opened at 2016-06-10 08:00:18
I: Checking remote connect back address.
I: Checking header 'HTTP_X_FORWARDED_FOR'.
I: Checking header 'REMOTE_ADDR'.
W: Remote address not found, connecting to configured address/port: 10.72.29.214:9000. :-|
E: Time-out connecting to client. :-(
Log closed at 2016-06-10 08:00:18

Log opened at 2016-06-10 08:02:58
I: Checking remote connect back address.
I: Checking header 'HTTP_X_FORWARDED_FOR'.
I: Checking header 'REMOTE_ADDR'.
W: Remote address not found, connecting to configured address/port: 10.72.29.214:9000. :-|
E: Time-out connecting to client. :-(
Log closed at 2016-06-10 08:02:59

Log opened at 2016-06-10 08:03:27
I: Checking remote connect back address.
I: Checking header 'HTTP_X_FORWARDED_FOR'.
I: Checking header 'REMOTE_ADDR'.
W: Remote address not found, connecting to configured address/port: 10.72.29.214:9000. :-|
E: Time-out connecting to client. :-(
Log closed at 2016-06-10 08:03:27

Log opened at 2016-06-10 17:09:16
I: Checking remote connect back address.
I: Checking header 'HTTP_X_FORWARDED_FOR'.
I: Checking header 'REMOTE_ADDR'.
W: Remote address not found, connecting to configured address/port: 10.72.29.214:9000. :-|
E: Time-out connecting to client. :-(
Log closed at 2016-06-10 17:09:16

Log opened at 2016-06-10 17:14:12
I: Checking remote connect back address.
I: Checking header 'HTTP_X_FORWARDED_FOR'.
I: Checking header 'REMOTE_ADDR'.
W: Remote address not found, connecting to configured address/port: 10.72.29.214:9000. :-|
E: Time-out connecting to client. :-(
Log closed at 2016-06-10 17:14:12

Log opened at 2016-06-11 05:15:32
I: Checking remote connect back address.
I: Checking header 'HTTP_X_FORWARDED_FOR'.
I: Checking header 'REMOTE_ADDR'.
W: Remote address not found, connecting to configured address/port: 10.72.29.214:9000. :-|
E: Time-out connecting to client. :-(
Log closed at 2016-06-11 05:15:33

Log opened at 2016-06-11 05:24:25
I: Checking remote connect back address.
I: Checking header 'HTTP_X_FORWARDED_FOR'.
I: Checking header 'REMOTE_ADDR'.
W: Remote address not found, connecting to configured address/port: 10.72.29.214:9000. :-|
E: Time-out connecting to client. :-(
Log closed at 2016-06-11 05:24:25

Log opened at 2016-06-11 13:37:55
I: Checking remote connect back address.
I: Checking header 'HTTP_X_FORWARDED_FOR'.
I: Checking header 'REMOTE_ADDR'.
W: Remote address not found, connecting to configured address/port: 10.72.29.214:9000. :-|
E: Time-out connecting to client. :-(
Log closed at 2016-06-11 13:37:56

